INFO:root:
Selector: High Level Ordering of Strategies
| Action: imperial
| Sequence: Offensive Strategy
| | Check: have_largest_fleet
| | Action: attack_weakest_enemy_planet
| Sequence: Spread Strategy
| | Check: if_neutral_planet_available
| | Action: spread_to_weakest_neutral_planet
| Action: attack_weakest_enemy_planet

DEBUG:root:Executing:Selector: High Level Ordering of Strategies
DEBUG:root:Executing:Action: imperial
DEBUG:root:Order:1 18 90.0
DEBUG:root:Result: Action: imperial -> Success
DEBUG:root:Result: Selector: High Level Ordering of Strategies -> Success
DEBUG:root:Finish turn

DEBUG:root:Executing:Selector: High Level Ordering of Strategies
DEBUG:root:Executing:Action: imperial
INFO:root:1.0
INFO:root:86.0
DEBUG:root:Result: Action: imperial -> Success
DEBUG:root:Result: Selector: High Level Ordering of Strategies -> Success
DEBUG:root:Finish turn

DEBUG:root:Executing:Selector: High Level Ordering of Strategies
DEBUG:root:Executing:Action: imperial
INFO:root:1.0
INFO:root:86.0
INFO:root:1.0
DEBUG:root:Result: Action: imperial -> Success
DEBUG:root:Result: Selector: High Level Ordering of Strategies -> Success
DEBUG:root:Finish turn

DEBUG:root:Executing:Selector: High Level Ordering of Strategies
DEBUG:root:Executing:Action: imperial
INFO:root:1.0
INFO:root:86.0
INFO:root:1.0
INFO:root:1.0
DEBUG:root:Result: Action: imperial -> Success
DEBUG:root:Result: Selector: High Level Ordering of Strategies -> Success
DEBUG:root:Finish turn

DEBUG:root:Executing:Selector: High Level Ordering of Strategies
DEBUG:root:Executing:Action: imperial
INFO:root:1.0
INFO:root:86.0
INFO:root:1.0
INFO:root:1.0
DEBUG:root:Result: Action: imperial -> Success
DEBUG:root:Result: Selector: High Level Ordering of Strategies -> Success
DEBUG:root:Finish turn

DEBUG:root:Executing:Selector: High Level Ordering of Strategies
DEBUG:root:Executing:Action: imperial
INFO:root:1.0
INFO:root:86.0
INFO:root:1.0
INFO:root:1.0
DEBUG:root:Result: Action: imperial -> Success
DEBUG:root:Result: Selector: High Level Ordering of Strategies -> Success
DEBUG:root:Finish turn

DEBUG:root:Executing:Selector: High Level Ordering of Strategies
DEBUG:root:Executing:Action: imperial
INFO:root:86.0
INFO:root:1.0
INFO:root:1.0
INFO:root:1.0
DEBUG:root:Result: Action: imperial -> Success
DEBUG:root:Result: Selector: High Level Ordering of Strategies -> Success
DEBUG:root:Finish turn

DEBUG:root:Executing:Selector: High Level Ordering of Strategies
DEBUG:root:Executing:Action: imperial
INFO:root:1.0
INFO:root:1.0
INFO:root:1.0
DEBUG:root:Order:18 12 76.0
DEBUG:root:Result: Action: imperial -> Success
DEBUG:root:Result: Selector: High Level Ordering of Strategies -> Success
DEBUG:root:Finish turn

DEBUG:root:Executing:Selector: High Level Ordering of Strategies
DEBUG:root:Executing:Action: imperial
INFO:root:1.0
INFO:root:1.0
INFO:root:64.0
DEBUG:root:Order:1 6 40.0
DEBUG:root:Result: Action: imperial -> Success
DEBUG:root:Result: Selector: High Level Ordering of Strategies -> Success
DEBUG:root:Finish turn

DEBUG:root:Executing:Selector: High Level Ordering of Strategies
DEBUG:root:Executing:Action: imperial
INFO:root:1.0
INFO:root:64.0
INFO:root:18.0
DEBUG:root:Result: Action: imperial -> Success
DEBUG:root:Result: Selector: High Level Ordering of Strategies -> Success
DEBUG:root:Finish turn

DEBUG:root:Executing:Selector: High Level Ordering of Strategies
DEBUG:root:Executing:Action: imperial
INFO:root:1.0
INFO:root:64.0
INFO:root:18.0
INFO:root:1.0
DEBUG:root:Result: Action: imperial -> Success
DEBUG:root:Result: Selector: High Level Ordering of Strategies -> Success
DEBUG:root:Finish turn

DEBUG:root:Executing:Selector: High Level Ordering of Strategies
DEBUG:root:Executing:Action: imperial
INFO:root:1.0
INFO:root:64.0
INFO:root:18.0
INFO:root:1.0
DEBUG:root:Result: Action: imperial -> Success
DEBUG:root:Result: Selector: High Level Ordering of Strategies -> Success
DEBUG:root:Finish turn

DEBUG:root:Executing:Selector: High Level Ordering of Strategies
DEBUG:root:Executing:Action: imperial
INFO:root:64.0
INFO:root:18.0
INFO:root:1.0
DEBUG:root:Result: Action: imperial -> Success
DEBUG:root:Result: Selector: High Level Ordering of Strategies -> Success
DEBUG:root:Finish turn

DEBUG:root:Executing:Selector: High Level Ordering of Strategies
DEBUG:root:Executing:Action: imperial
INFO:root:64.0
INFO:root:18.0
INFO:root:1.0
DEBUG:root:Result: Action: imperial -> Success
DEBUG:root:Result: Selector: High Level Ordering of Strategies -> Success
DEBUG:root:Finish turn

DEBUG:root:Executing:Selector: High Level Ordering of Strategies
DEBUG:root:Executing:Action: imperial
INFO:root:64.0
INFO:root:18.0
INFO:root:1.0
DEBUG:root:Result: Action: imperial -> Success
DEBUG:root:Result: Selector: High Level Ordering of Strategies -> Success
DEBUG:root:Finish turn

DEBUG:root:Executing:Selector: High Level Ordering of Strategies
DEBUG:root:Executing:Action: imperial
INFO:root:64.0
INFO:root:18.0
INFO:root:1.0
DEBUG:root:Result: Action: imperial -> Success
DEBUG:root:Result: Selector: High Level Ordering of Strategies -> Success
DEBUG:root:Finish turn

DEBUG:root:Executing:Selector: High Level Ordering of Strategies
DEBUG:root:Executing:Action: imperial
INFO:root:18.0
INFO:root:1.0
DEBUG:root:Order:12 4 54.0
DEBUG:root:Order:1 4 40.0
DEBUG:root:Result: Action: imperial -> Success
DEBUG:root:Result: Selector: High Level Ordering of Strategies -> Success
DEBUG:root:Finish turn

DEBUG:root:Executing:Selector: High Level Ordering of Strategies
DEBUG:root:Executing:Action: imperial
INFO:root:18.0
INFO:root:1.0
INFO:root:13.0
DEBUG:root:Result: Action: imperial -> Success
DEBUG:root:Result: Selector: High Level Ordering of Strategies -> Success
DEBUG:root:Finish turn

DEBUG:root:Executing:Selector: High Level Ordering of Strategies
DEBUG:root:Executing:Action: imperial
INFO:root:18.0
INFO:root:1.0
INFO:root:13.0
DEBUG:root:Result: Action: imperial -> Success
DEBUG:root:Result: Selector: High Level Ordering of Strategies -> Success
DEBUG:root:Finish turn

DEBUG:root:Executing:Selector: High Level Ordering of Strategies
DEBUG:root:Executing:Action: imperial
INFO:root:1.0
INFO:root:13.0
DEBUG:root:Result: Action: imperial -> Success
DEBUG:root:Result: Selector: High Level Ordering of Strategies -> Success
DEBUG:root:Finish turn

DEBUG:root:Executing:Selector: High Level Ordering of Strategies
DEBUG:root:Executing:Action: imperial
INFO:root:13.0
DEBUG:root:Result: Action: imperial -> Success
DEBUG:root:Result: Selector: High Level Ordering of Strategies -> Success
DEBUG:root:Finish turn

DEBUG:root:Executing:Selector: High Level Ordering of Strategies
DEBUG:root:Executing:Action: imperial
INFO:root:13.0
INFO:root:1.0
DEBUG:root:Result: Action: imperial -> Success
DEBUG:root:Result: Selector: High Level Ordering of Strategies -> Success
DEBUG:root:Finish turn

DEBUG:root:Executing:Selector: High Level Ordering of Strategies
DEBUG:root:Executing:Action: imperial
INFO:root:1.0
DEBUG:root:Result: Action: imperial -> Success
DEBUG:root:Result: Selector: High Level Ordering of Strategies -> Success
DEBUG:root:Finish turn

DEBUG:root:Executing:Selector: High Level Ordering of Strategies
DEBUG:root:Executing:Action: imperial
INFO:root:1.0
DEBUG:root:Result: Action: imperial -> Success
DEBUG:root:Result: Selector: High Level Ordering of Strategies -> Success
DEBUG:root:Finish turn

DEBUG:root:Executing:Selector: High Level Ordering of Strategies
DEBUG:root:Executing:Action: imperial
DEBUG:root:Order:1 0 40.0
DEBUG:root:Result: Action: imperial -> Success
DEBUG:root:Result: Selector: High Level Ordering of Strategies -> Success
DEBUG:root:Finish turn

DEBUG:root:Executing:Selector: High Level Ordering of Strategies
DEBUG:root:Executing:Action: imperial
INFO:root:6.0
DEBUG:root:Result: Action: imperial -> Success
DEBUG:root:Result: Selector: High Level Ordering of Strategies -> Success
DEBUG:root:Finish turn

DEBUG:root:Executing:Selector: High Level Ordering of Strategies
DEBUG:root:Executing:Action: imperial
INFO:root:6.0
INFO:root:1.0
DEBUG:root:Result: Action: imperial -> Success
DEBUG:root:Result: Selector: High Level Ordering of Strategies -> Success
DEBUG:root:Finish turn

DEBUG:root:Executing:Selector: High Level Ordering of Strategies
DEBUG:root:Executing:Action: imperial
INFO:root:6.0
INFO:root:1.0
DEBUG:root:Order:12 19 42.0
DEBUG:root:Result: Action: imperial -> Success
DEBUG:root:Result: Selector: High Level Ordering of Strategies -> Success
DEBUG:root:Finish turn

DEBUG:root:Executing:Selector: High Level Ordering of Strategies
DEBUG:root:Executing:Action: imperial
INFO:root:6.0
INFO:root:43.0
DEBUG:root:Result: Action: imperial -> Success
DEBUG:root:Result: Selector: High Level Ordering of Strategies -> Success
DEBUG:root:Finish turn

DEBUG:root:Executing:Selector: High Level Ordering of Strategies
DEBUG:root:Executing:Action: imperial
INFO:root:6.0
INFO:root:43.0
DEBUG:root:Result: Action: imperial -> Success
DEBUG:root:Result: Selector: High Level Ordering of Strategies -> Success
DEBUG:root:Finish turn

DEBUG:root:Executing:Selector: High Level Ordering of Strategies
DEBUG:root:Executing:Action: imperial
INFO:root:6.0
INFO:root:43.0
DEBUG:root:Order:18 0 41.0
DEBUG:root:Result: Action: imperial -> Success
DEBUG:root:Result: Selector: High Level Ordering of Strategies -> Success
DEBUG:root:Finish turn

DEBUG:root:Executing:Selector: High Level Ordering of Strategies
DEBUG:root:Executing:Action: imperial
INFO:root:6.0
INFO:root:29.0
INFO:root:43.0
DEBUG:root:Result: Action: imperial -> Success
DEBUG:root:Result: Selector: High Level Ordering of Strategies -> Success
DEBUG:root:Finish turn

DEBUG:root:Executing:Selector: High Level Ordering of Strategies
DEBUG:root:Executing:Action: imperial
INFO:root:6.0
INFO:root:29.0
INFO:root:1.0
INFO:root:1.0
INFO:root:43.0
DEBUG:root:Order:1 18 40.0
DEBUG:root:Result: Action: imperial -> Success
DEBUG:root:Result: Selector: High Level Ordering of Strategies -> Success
DEBUG:root:Finish turn

DEBUG:root:Executing:Selector: High Level Ordering of Strategies
DEBUG:root:Executing:Action: imperial
INFO:root:6.0
INFO:root:29.0
INFO:root:1.0
INFO:root:43.0
DEBUG:root:Result: Action: imperial -> Success
DEBUG:root:Result: Selector: High Level Ordering of Strategies -> Success
DEBUG:root:Finish turn

DEBUG:root:Executing:Selector: High Level Ordering of Strategies
DEBUG:root:Executing:Action: imperial
INFO:root:6.0
INFO:root:29.0
INFO:root:1.0
INFO:root:43.0
DEBUG:root:Result: Action: imperial -> Success
DEBUG:root:Result: Selector: High Level Ordering of Strategies -> Success
DEBUG:root:Finish turn

DEBUG:root:Executing:Selector: High Level Ordering of Strategies
DEBUG:root:Executing:Action: imperial
INFO:root:1.0
INFO:root:43.0
DEBUG:root:Order:4 20 42.0
DEBUG:root:Order:12 7 40.0
DEBUG:root:Result: Action: imperial -> Success
DEBUG:root:Result: Selector: High Level Ordering of Strategies -> Success
DEBUG:root:Finish turn

DEBUG:root:Executing:Selector: High Level Ordering of Strategies
DEBUG:root:Executing:Action: imperial
INFO:root:1.0
INFO:root:43.0
INFO:root:30.0
DEBUG:root:Result: Action: imperial -> Success
DEBUG:root:Result: Selector: High Level Ordering of Strategies -> Success
DEBUG:root:Finish turn

DEBUG:root:Executing:Selector: High Level Ordering of Strategies
DEBUG:root:Executing:Action: imperial
INFO:root:1.0
INFO:root:43.0
INFO:root:30.0
DEBUG:root:Order:0 7 43.0
DEBUG:root:Result: Action: imperial -> Success
DEBUG:root:Result: Selector: High Level Ordering of Strategies -> Success
DEBUG:root:Finish turn

DEBUG:root:Executing:Selector: High Level Ordering of Strategies
DEBUG:root:Executing:Action: imperial
INFO:root:1.0
INFO:root:43.0
INFO:root:30.0
DEBUG:root:Result: Action: imperial -> Success
DEBUG:root:Result: Selector: High Level Ordering of Strategies -> Success
DEBUG:root:Finish turn

DEBUG:root:Executing:Selector: High Level Ordering of Strategies
DEBUG:root:Executing:Action: imperial
INFO:root:1.0
INFO:root:43.0
INFO:root:33.0
DEBUG:root:Order:18 19 58.0
DEBUG:root:Result: Action: imperial -> Success
DEBUG:root:Result: Selector: High Level Ordering of Strategies -> Success
DEBUG:root:Finish turn

DEBUG:root:Executing:Selector: High Level Ordering of Strategies
DEBUG:root:Executing:Action: imperial
INFO:root:19.0
INFO:root:45.0
INFO:root:1.0
INFO:root:8.0
INFO:root:33.0
DEBUG:root:Order:1 19 40.0
DEBUG:root:Result: Action: imperial -> Success
DEBUG:root:Result: Selector: High Level Ordering of Strategies -> Success
DEBUG:root:Finish turn

DEBUG:root:Executing:Selector: High Level Ordering of Strategies
DEBUG:root:Executing:Action: imperial
INFO:root:19.0
INFO:root:45.0
INFO:root:1.0
INFO:root:8.0
INFO:root:30.0
INFO:root:33.0
DEBUG:root:Result: Action: imperial -> Success
DEBUG:root:Result: Selector: High Level Ordering of Strategies -> Success
DEBUG:root:Finish turn

DEBUG:root:Executing:Selector: High Level Ordering of Strategies
DEBUG:root:Executing:Action: imperial
INFO:root:19.0
INFO:root:45.0
INFO:root:1.0
INFO:root:8.0
INFO:root:30.0
INFO:root:33.0
DEBUG:root:Result: Action: imperial -> Success
DEBUG:root:Result: Selector: High Level Ordering of Strategies -> Success
DEBUG:root:Finish turn

DEBUG:root:Executing:Selector: High Level Ordering of Strategies
DEBUG:root:Executing:Action: imperial
INFO:root:19.0
INFO:root:45.0
INFO:root:1.0
INFO:root:8.0
INFO:root:30.0
INFO:root:34.0
DEBUG:root:Order:12 18 40.0
DEBUG:root:Result: Action: imperial -> Success
DEBUG:root:Result: Selector: High Level Ordering of Strategies -> Success
DEBUG:root:Finish turn

DEBUG:root:Executing:Selector: High Level Ordering of Strategies
DEBUG:root:Executing:Action: imperial
INFO:root:19.0
INFO:root:45.0
INFO:root:1.0
INFO:root:8.0
INFO:root:30.0
INFO:root:5.0
INFO:root:34.0
DEBUG:root:Result: Action: imperial -> Success
DEBUG:root:Result: Selector: High Level Ordering of Strategies -> Success
DEBUG:root:Finish turn

DEBUG:root:Executing:Selector: High Level Ordering of Strategies
DEBUG:root:Executing:Action: imperial
INFO:root:3.0
INFO:root:45.0
INFO:root:1.0
INFO:root:8.0
INFO:root:30.0
INFO:root:5.0
INFO:root:34.0
DEBUG:root:Result: Action: imperial -> Success
DEBUG:root:Result: Selector: High Level Ordering of Strategies -> Success
DEBUG:root:Finish turn

DEBUG:root:Executing:Selector: High Level Ordering of Strategies
DEBUG:root:Executing:Action: imperial
INFO:root:1.0
INFO:root:8.0
INFO:root:31.0
INFO:root:5.0
INFO:root:34.0
INFO:root:1.0
DEBUG:root:Result: Action: imperial -> Success
DEBUG:root:Result: Selector: High Level Ordering of Strategies -> Success
DEBUG:root:Finish turn

DEBUG:root:Executing:Selector: High Level Ordering of Strategies
DEBUG:root:Executing:Action: imperial
INFO:root:8.0
INFO:root:31.0
INFO:root:5.0
INFO:root:34.0
INFO:root:44.0
INFO:root:1.0
DEBUG:root:Result: Action: imperial -> Success
DEBUG:root:Result: Selector: High Level Ordering of Strategies -> Success
DEBUG:root:Finish turn

DEBUG:root:Executing:Selector: High Level Ordering of Strategies
DEBUG:root:Executing:Action: imperial
INFO:root:8.0
INFO:root:31.0
INFO:root:5.0
INFO:root:34.0
INFO:root:44.0
INFO:root:1.0
DEBUG:root:Order:1 13 40.0
DEBUG:root:Result: Action: imperial -> Success
DEBUG:root:Result: Selector: High Level Ordering of Strategies -> Success
DEBUG:root:Finish turn

DEBUG:root:Executing:Selector: High Level Ordering of Strategies
DEBUG:root:Executing:Action: imperial
INFO:root:7.0
INFO:root:34.0
INFO:root:1.0
INFO:root:44.0
INFO:root:1.0
INFO:root:33.0
DEBUG:root:Order:4 6 42.0
DEBUG:root:Result: Action: imperial -> Success
DEBUG:root:Result: Selector: High Level Ordering of Strategies -> Success
DEBUG:root:Finish turn

DEBUG:root:Executing:Selector: High Level Ordering of Strategies
DEBUG:root:Executing:Action: imperial
INFO:root:7.0
INFO:root:34.0
INFO:root:1.0
INFO:root:37.0
INFO:root:44.0
INFO:root:1.0
INFO:root:33.0
DEBUG:root:Result: Action: imperial -> Success
DEBUG:root:Result: Selector: High Level Ordering of Strategies -> Success
DEBUG:root:Finish turn

DEBUG:root:Executing:Selector: High Level Ordering of Strategies
DEBUG:root:Executing:Action: imperial
INFO:root:7.0
INFO:root:34.0
INFO:root:1.0
INFO:root:37.0
INFO:root:44.0
INFO:root:1.0
INFO:root:33.0
DEBUG:root:Order:12 18 40.0
DEBUG:root:Result: Action: imperial -> Success
DEBUG:root:Result: Selector: High Level Ordering of Strategies -> Success
DEBUG:root:Finish turn

DEBUG:root:Executing:Selector: High Level Ordering of Strategies
DEBUG:root:Executing:Action: imperial
INFO:root:34.0
INFO:root:1.0
INFO:root:37.0
INFO:root:44.0
INFO:root:1.0
INFO:root:35.0
DEBUG:root:Result: Action: imperial -> Success
DEBUG:root:Result: Selector: High Level Ordering of Strategies -> Success
DEBUG:root:Finish turn

DEBUG:root:Executing:Selector: High Level Ordering of Strategies
DEBUG:root:Executing:Action: imperial
INFO:root:34.0
INFO:root:1.0
INFO:root:37.0
INFO:root:44.0
INFO:root:1.0
INFO:root:35.0
DEBUG:root:Result: Action: imperial -> Success
DEBUG:root:Result: Selector: High Level Ordering of Strategies -> Success
DEBUG:root:Finish turn

DEBUG:root:Executing:Selector: High Level Ordering of Strategies
DEBUG:root:Executing:Action: imperial
INFO:root:1.0
INFO:root:37.0
INFO:root:44.0
INFO:root:1.0
INFO:root:37.0
DEBUG:root:Result: Action: imperial -> Success
DEBUG:root:Result: Selector: High Level Ordering of Strategies -> Success
DEBUG:root:Finish turn

DEBUG:root:Executing:Selector: High Level Ordering of Strategies
DEBUG:root:Executing:Action: imperial
INFO:root:37.0
INFO:root:44.0
INFO:root:1.0
INFO:root:35.0
DEBUG:root:Result: Action: imperial -> Success
DEBUG:root:Result: Selector: High Level Ordering of Strategies -> Success
DEBUG:root:Finish turn

DEBUG:root:Executing:Selector: High Level Ordering of Strategies
DEBUG:root:Executing:Action: imperial
INFO:root:37.0
INFO:root:44.0
INFO:root:1.0
INFO:root:39.0
DEBUG:root:Order:1 0 40.0
DEBUG:root:Result: Action: imperial -> Success
DEBUG:root:Result: Selector: High Level Ordering of Strategies -> Success
DEBUG:root:Finish turn

DEBUG:root:Executing:Selector: High Level Ordering of Strategies
DEBUG:root:Executing:Action: imperial
INFO:root:37.0
INFO:root:44.0
INFO:root:1.0
INFO:root:39.0
DEBUG:root:Result: Action: imperial -> Success
DEBUG:root:Result: Selector: High Level Ordering of Strategies -> Success
DEBUG:root:Finish turn

DEBUG:root:Executing:Selector: High Level Ordering of Strategies
DEBUG:root:Executing:Action: imperial
INFO:root:37.0
INFO:root:44.0
INFO:root:1.0
INFO:root:39.0
INFO:root:1.0
DEBUG:root:Result: Action: imperial -> Success
DEBUG:root:Result: Selector: High Level Ordering of Strategies -> Success
DEBUG:root:Finish turn

DEBUG:root:Executing:Selector: High Level Ordering of Strategies
DEBUG:root:Executing:Action: imperial
INFO:root:44.0
INFO:root:1.0
INFO:root:39.0
INFO:root:1.0
DEBUG:root:Order:12 19 40.0
DEBUG:root:Result: Action: imperial -> Success
DEBUG:root:Result: Selector: High Level Ordering of Strategies -> Success
DEBUG:root:Finish turn

DEBUG:root:Executing:Selector: High Level Ordering of Strategies
DEBUG:root:Executing:Action: imperial
INFO:root:1.0
INFO:root:1.0
INFO:root:39.0
INFO:root:1.0
INFO:root:31.0
DEBUG:root:Order:18 0 53.0
DEBUG:root:Result: Action: imperial -> Success
DEBUG:root:Result: Selector: High Level Ordering of Strategies -> Success
DEBUG:root:Finish turn

DEBUG:root:Executing:Selector: High Level Ordering of Strategies
DEBUG:root:Executing:Action: imperial
INFO:root:1.0
INFO:root:39.0
INFO:root:24.0
INFO:root:1.0
INFO:root:12.0
INFO:root:31.0
DEBUG:root:Result: Action: imperial -> Success
DEBUG:root:Result: Selector: High Level Ordering of Strategies -> Success
DEBUG:root:Finish turn

DEBUG:root:Executing:Selector: High Level Ordering of Strategies
DEBUG:root:Executing:Action: imperial
INFO:root:1.0
INFO:root:39.0
INFO:root:24.0
INFO:root:1.0
INFO:root:12.0
INFO:root:31.0
DEBUG:root:Result: Action: imperial -> Success
DEBUG:root:Result: Selector: High Level Ordering of Strategies -> Success
DEBUG:root:Finish turn

DEBUG:root:Executing:Selector: High Level Ordering of Strategies
DEBUG:root:Executing:Action: imperial
INFO:root:27.0
INFO:root:1.0
INFO:root:14.0
INFO:root:31.0
DEBUG:root:Order:4 18 42.0
DEBUG:root:Result: Action: imperial -> Success
DEBUG:root:Result: Selector: High Level Ordering of Strategies -> Success
DEBUG:root:Finish turn

DEBUG:root:Executing:Selector: High Level Ordering of Strategies
DEBUG:root:Executing:Action: imperial
INFO:root:27.0
INFO:root:1.0
INFO:root:31.0
DEBUG:root:Order:1 19 40.0
DEBUG:root:Result: Action: imperial -> Success
DEBUG:root:Result: Selector: High Level Ordering of Strategies -> Success
DEBUG:root:Finish turn

DEBUG:root:Executing:Selector: High Level Ordering of Strategies
DEBUG:root:Executing:Action: imperial
INFO:root:27.0
INFO:root:1.0
INFO:root:35.0
INFO:root:1.0
DEBUG:root:Result: Action: imperial -> Success
DEBUG:root:Result: Selector: High Level Ordering of Strategies -> Success
DEBUG:root:Finish turn

DEBUG:root:Executing:Selector: High Level Ordering of Strategies
DEBUG:root:Executing:Action: imperial
INFO:root:33.0
INFO:root:20.0
INFO:root:1.0
INFO:root:1.0
INFO:root:1.0
INFO:root:35.0
INFO:root:1.0
DEBUG:root:Result: Action: imperial -> Success
DEBUG:root:Result: Selector: High Level Ordering of Strategies -> Success
DEBUG:root:Finish turn

DEBUG:root:Executing:Selector: High Level Ordering of Strategies
DEBUG:root:Executing:Action: imperial
INFO:root:1.0
INFO:root:1.0
INFO:root:1.0
INFO:root:35.0
INFO:root:1.0
INFO:root:1.0
DEBUG:root:Order:0 19 76.0
DEBUG:root:Order:19 21 40.0
DEBUG:root:Order:12 6 40.0
DEBUG:root:Result: Action: imperial -> Success
DEBUG:root:Result: Selector: High Level Ordering of Strategies -> Success
DEBUG:root:Finish turn

DEBUG:root:Executing:Selector: High Level Ordering of Strategies
DEBUG:root:Executing:Action: imperial
INFO:root:41.0
INFO:root:1.0
INFO:root:1.0
INFO:root:1.0
INFO:root:33.0
INFO:root:41.0
INFO:root:30.0
INFO:root:36.0
INFO:root:1.0
DEBUG:root:Result: Action: imperial -> Success
DEBUG:root:Result: Selector: High Level Ordering of Strategies -> Success
DEBUG:root:Finish turn

DEBUG:root:Executing:Selector: High Level Ordering of Strategies
DEBUG:root:Executing:Action: imperial
INFO:root:41.0
INFO:root:1.0
INFO:root:1.0
INFO:root:1.0
INFO:root:33.0
INFO:root:41.0
INFO:root:30.0
INFO:root:36.0
INFO:root:1.0
DEBUG:root:Order:18 4 60.0
DEBUG:root:Result: Action: imperial -> Success
DEBUG:root:Result: Selector: High Level Ordering of Strategies -> Success
DEBUG:root:Finish turn

DEBUG:root:Executing:Selector: High Level Ordering of Strategies
DEBUG:root:Executing:Action: imperial
INFO:root:32.0
INFO:root:1.0
INFO:root:1.0
INFO:root:59.0
INFO:root:41.0
INFO:root:33.0
INFO:root:30.0
INFO:root:36.0
INFO:root:1.0
DEBUG:root:Result: Action: imperial -> Success
DEBUG:root:Result: Selector: High Level Ordering of Strategies -> Success
DEBUG:root:Finish turn

DEBUG:root:Executing:Selector: High Level Ordering of Strategies
DEBUG:root:Executing:Action: imperial
INFO:root:32.0
INFO:root:1.0
INFO:root:1.0
INFO:root:59.0
INFO:root:41.0
INFO:root:33.0
INFO:root:30.0
INFO:root:36.0
INFO:root:1.0
DEBUG:root:Result: Action: imperial -> Success
DEBUG:root:Result: Selector: High Level Ordering of Strategies -> Success
DEBUG:root:Finish turn

DEBUG:root:Executing:Selector: High Level Ordering of Strategies
DEBUG:root:Executing:Action: imperial
INFO:root:1.0
INFO:root:41.0
INFO:root:1.0
INFO:root:59.0
INFO:root:33.0
INFO:root:30.0
INFO:root:36.0
INFO:root:1.0
DEBUG:root:Order:1 4 40.0
DEBUG:root:Result: Action: imperial -> Success
DEBUG:root:Result: Selector: High Level Ordering of Strategies -> Success
DEBUG:root:Finish turn

DEBUG:root:Executing:Selector: High Level Ordering of Strategies
DEBUG:root:Executing:Action: imperial
INFO:root:1.0
INFO:root:41.0
INFO:root:1.0
INFO:root:59.0
INFO:root:33.0
INFO:root:30.0
INFO:root:37.0
INFO:root:1.0
DEBUG:root:Result: Action: imperial -> Success
DEBUG:root:Result: Selector: High Level Ordering of Strategies -> Success
DEBUG:root:Finish turn

DEBUG:root:Executing:Selector: High Level Ordering of Strategies
DEBUG:root:Executing:Action: imperial
INFO:root:41.0
INFO:root:1.0
INFO:root:59.0
INFO:root:33.0
INFO:root:31.0
INFO:root:37.0
INFO:root:1.0
DEBUG:root:Result: Action: imperial -> Success
DEBUG:root:Result: Selector: High Level Ordering of Strategies -> Success
DEBUG:root:Finish turn

DEBUG:root:Executing:Selector: High Level Ordering of Strategies
DEBUG:root:Executing:Action: imperial
INFO:root:31.0
INFO:root:1.0
DEBUG:root:Order:4 14 49.0
DEBUG:root:Order:12 18 40.0
DEBUG:root:Result: Action: imperial -> Success
DEBUG:root:Result: Selector: High Level Ordering of Strategies -> Success
DEBUG:root:Finish turn

DEBUG:root:Executing:Selector: High Level Ordering of Strategies
DEBUG:root:Executing:Action: imperial
INFO:root:31.0
INFO:root:1.0
INFO:root:30.0
DEBUG:root:Result: Action: imperial -> Success
DEBUG:root:Result: Selector: High Level Ordering of Strategies -> Success
DEBUG:root:Finish turn

DEBUG:root:Executing:Selector: High Level Ordering of Strategies
DEBUG:root:Executing:Action: imperial
INFO:root:31.0
INFO:root:1.0
INFO:root:1.0
INFO:root:28.0
DEBUG:root:Result: Action: imperial -> Success
DEBUG:root:Result: Selector: High Level Ordering of Strategies -> Success
DEBUG:root:Finish turn

DEBUG:root:Executing:Selector: High Level Ordering of Strategies
DEBUG:root:Executing:Action: imperial
INFO:root:1.0
INFO:root:1.0
INFO:root:30.0
DEBUG:root:Order:4 18 49.0
DEBUG:root:Result: Action: imperial -> Success
DEBUG:root:Result: Selector: High Level Ordering of Strategies -> Success
DEBUG:root:Finish turn

DEBUG:root:Executing:Selector: High Level Ordering of Strategies
DEBUG:root:Executing:Action: imperial
INFO:root:1.0
INFO:root:1.0
INFO:root:7.0
INFO:root:31.0
INFO:root:32.0
DEBUG:root:Result: Action: imperial -> Success
DEBUG:root:Result: Selector: High Level Ordering of Strategies -> Success
DEBUG:root:Finish turn

DEBUG:root:Executing:Selector: High Level Ordering of Strategies
DEBUG:root:Executing:Action: imperial
INFO:root:1.0
INFO:root:1.0
INFO:root:7.0
INFO:root:31.0
INFO:root:32.0
DEBUG:root:Order:1 4 40.0
DEBUG:root:Result: Action: imperial -> Success
DEBUG:root:Result: Selector: High Level Ordering of Strategies -> Success
DEBUG:root:Finish turn

DEBUG:root:Executing:Selector: High Level Ordering of Strategies
DEBUG:root:Executing:Action: imperial
INFO:root:1.0
INFO:root:1.0
INFO:root:7.0
INFO:root:31.0
INFO:root:27.0
INFO:root:34.0
DEBUG:root:Order:19 18 106.0
DEBUG:root:Order:0 4 42.0
DEBUG:root:Result: Action: imperial -> Success
DEBUG:root:Result: Selector: High Level Ordering of Strategies -> Success
DEBUG:root:Finish turn

DEBUG:root:Executing:Selector: High Level Ordering of Strategies
DEBUG:root:Executing:Action: imperial
INFO:root:1.0
INFO:root:7.0
INFO:root:31.0
INFO:root:27.0
INFO:root:15.0
INFO:root:34.0
INFO:root:65.0
INFO:root:31.0
DEBUG:root:Result: Action: imperial -> Success
DEBUG:root:Result: Selector: High Level Ordering of Strategies -> Success
DEBUG:root:Finish turn

DEBUG:root:Executing:Selector: High Level Ordering of Strategies
DEBUG:root:Executing:Action: imperial
INFO:root:10.0
INFO:root:19.0
INFO:root:28.0
INFO:root:21.0
INFO:root:21.0
INFO:root:1.0
INFO:root:70.0
INFO:root:32.0
INFO:root:31.0
INFO:root:1.0
INFO:root:1.0
DEBUG:root:Result: Action: imperial -> Success
DEBUG:root:Result: Selector: High Level Ordering of Strategies -> Success
DEBUG:root:Finish turn

DEBUG:root:Executing:Selector: High Level Ordering of Strategies
DEBUG:root:Executing:Action: imperial
INFO:root:24.0
INFO:root:15.0
INFO:root:1.0
INFO:root:32.0
INFO:root:31.0
INFO:root:1.0
INFO:root:1.0
DEBUG:root:Order:18 4 58.0
DEBUG:root:Result: Action: imperial -> Success
DEBUG:root:Result: Selector: High Level Ordering of Strategies -> Success
DEBUG:root:Finish turn

DEBUG:root:Executing:Selector: High Level Ordering of Strategies
DEBUG:root:Executing:Action: imperial
INFO:root:24.0
INFO:root:15.0
INFO:root:1.0
INFO:root:32.0
INFO:root:25.0
INFO:root:31.0
INFO:root:1.0
INFO:root:1.0
DEBUG:root:Result: Action: imperial -> Success
DEBUG:root:Result: Selector: High Level Ordering of Strategies -> Success
DEBUG:root:Finish turn

DEBUG:root:Executing:Selector: High Level Ordering of Strategies
DEBUG:root:Executing:Action: imperial
INFO:root:1.0
INFO:root:34.0
INFO:root:31.0
INFO:root:1.0
INFO:root:1.0
DEBUG:root:Result: Action: imperial -> Success
DEBUG:root:Result: Selector: High Level Ordering of Strategies -> Success
DEBUG:root:Finish turn

DEBUG:root:Executing:Selector: High Level Ordering of Strategies
DEBUG:root:Executing:Action: imperial
INFO:root:1.0
INFO:root:34.0
INFO:root:31.0
INFO:root:1.0
INFO:root:1.0
DEBUG:root:Order:4 15 59.0
DEBUG:root:Result: Action: imperial -> Success
DEBUG:root:Result: Selector: High Level Ordering of Strategies -> Success
DEBUG:root:Finish turn

DEBUG:root:Executing:Selector: High Level Ordering of Strategies
DEBUG:root:Executing:Action: imperial
INFO:root:1.0
INFO:root:34.0
INFO:root:31.0
INFO:root:60.0
INFO:root:1.0
DEBUG:root:Order:18 16 114.0
DEBUG:root:Order:1 0 40.0
DEBUG:root:Result: Action: imperial -> Success
DEBUG:root:Result: Selector: High Level Ordering of Strategies -> Success
DEBUG:root:Finish turn

DEBUG:root:Executing:Selector: High Level Ordering of Strategies
DEBUG:root:Executing:Action: imperial
INFO:root:9.0
INFO:root:31.0
INFO:root:55.0
INFO:root:60.0
INFO:root:6.0
DEBUG:root:Result: Action: imperial -> Success
DEBUG:root:Result: Selector: High Level Ordering of Strategies -> Success
DEBUG:root:Finish turn

DEBUG:root:Executing:Selector: High Level Ordering of Strategies
DEBUG:root:Executing:Action: imperial
INFO:root:9.0
INFO:root:31.0
INFO:root:55.0
INFO:root:60.0
INFO:root:6.0
DEBUG:root:Order:4 0 67.0
DEBUG:root:Result: Action: imperial -> Success
DEBUG:root:Result: Selector: High Level Ordering of Strategies -> Success
DEBUG:root:Finish turn

DEBUG:root:Executing:Selector: High Level Ordering of Strategies
DEBUG:root:Executing:Action: imperial
INFO:root:9.0
INFO:root:31.0
INFO:root:45.0
INFO:root:55.0
INFO:root:60.0
DEBUG:root:Result: Action: imperial -> Success
DEBUG:root:Result: Selector: High Level Ordering of Strategies -> Success
DEBUG:root:Finish turn

DEBUG:root:Executing:Selector: High Level Ordering of Strategies
DEBUG:root:Executing:Action: imperial
INFO:root:31.0
INFO:root:45.0
INFO:root:55.0
INFO:root:60.0
DEBUG:root:Result: Action: imperial -> Success
DEBUG:root:Result: Selector: High Level Ordering of Strategies -> Success
DEBUG:root:Finish turn

DEBUG:root:Executing:Selector: High Level Ordering of Strategies
DEBUG:root:Executing:Action: imperial
INFO:root:31.0
INFO:root:45.0
INFO:root:55.0
INFO:root:60.0
DEBUG:root:Result: Action: imperial -> Success
DEBUG:root:Result: Selector: High Level Ordering of Strategies -> Success
DEBUG:root:Finish turn

DEBUG:root:Executing:Selector: High Level Ordering of Strategies
DEBUG:root:Executing:Action: imperial
INFO:root:31.0
INFO:root:45.0
INFO:root:55.0
INFO:root:60.0
DEBUG:root:Result: Action: imperial -> Success
DEBUG:root:Result: Selector: High Level Ordering of Strategies -> Success
DEBUG:root:Finish turn

DEBUG:root:Executing:Selector: High Level Ordering of Strategies
DEBUG:root:Executing:Action: imperial
INFO:root:45.0
INFO:root:55.0
INFO:root:60.0
INFO:root:1.0
DEBUG:root:Result: Action: imperial -> Success
DEBUG:root:Result: Selector: High Level Ordering of Strategies -> Success
DEBUG:root:Finish turn

DEBUG:root:Executing:Selector: High Level Ordering of Strategies
DEBUG:root:Executing:Action: imperial
INFO:root:55.0
INFO:root:60.0
INFO:root:1.0
DEBUG:root:Order:1 6 40.0
DEBUG:root:Result: Action: imperial -> Success
DEBUG:root:Result: Selector: High Level Ordering of Strategies -> Success
DEBUG:root:Finish turn

DEBUG:root:Executing:Selector: High Level Ordering of Strategies
DEBUG:root:Executing:Action: imperial
INFO:root:55.0
INFO:root:60.0
INFO:root:1.0
INFO:root:32.0
DEBUG:root:Order:14 6 40.0
DEBUG:root:Order:6 15 40.0
DEBUG:root:Result: Action: imperial -> Success
DEBUG:root:Result: Selector: High Level Ordering of Strategies -> Success
DEBUG:root:Finish turn

DEBUG:root:Executing:Selector: High Level Ordering of Strategies
DEBUG:root:Executing:Action: imperial
INFO:root:60.0
INFO:root:41.0
INFO:root:30.0
INFO:root:39.0
DEBUG:root:Order:16 18 45.0
DEBUG:root:Order:0 18 41.0
DEBUG:root:Result: Action: imperial -> Success
DEBUG:root:Result: Selector: High Level Ordering of Strategies -> Success
DEBUG:root:Finish turn

DEBUG:root:Executing:Selector: High Level Ordering of Strategies
DEBUG:root:Executing:Action: imperial
INFO:root:60.0
INFO:root:41.0
INFO:root:2.0
INFO:root:32.0
INFO:root:6.0
INFO:root:31.0
INFO:root:30.0
INFO:root:39.0
DEBUG:root:Order:0 0 43.0
DEBUG:root:Result: Action: imperial -> Success
DEBUG:root:Result: Selector: High Level Ordering of Strategies -> Success
DEBUG:root:Finish turn

DEBUG:root:Executing:Selector: High Level Ordering of Strategies
DEBUG:root:Executing:Action: imperial
INFO:root:41.0
INFO:root:2.0
INFO:root:35.0
INFO:root:6.0
INFO:root:31.0
INFO:root:30.0
INFO:root:39.0
DEBUG:root:Order:0 0 46.0
DEBUG:root:Result: Action: imperial -> Success
DEBUG:root:Result: Selector: High Level Ordering of Strategies -> Success
DEBUG:root:Finish turn

DEBUG:root:Executing:Selector: High Level Ordering of Strategies
DEBUG:root:Executing:Action: imperial
INFO:root:38.0
INFO:root:6.0
INFO:root:31.0
INFO:root:30.0
INFO:root:39.0
DEBUG:root:Result: Action: imperial -> Success
DEBUG:root:Result: Selector: High Level Ordering of Strategies -> Success
DEBUG:root:Finish turn

DEBUG:root:Executing:Selector: High Level Ordering of Strategies
DEBUG:root:Executing:Action: imperial
INFO:root:6.0
INFO:root:1.0
INFO:root:31.0
INFO:root:30.0
INFO:root:39.0
DEBUG:root:Result: Action: imperial -> Success
DEBUG:root:Result: Selector: High Level Ordering of Strategies -> Success
DEBUG:root:Finish turn

DEBUG:root:Executing:Selector: High Level Ordering of Strategies
DEBUG:root:Executing:Action: imperial
INFO:root:6.0
INFO:root:1.0
INFO:root:31.0
INFO:root:30.0
INFO:root:39.0
INFO:root:1.0
DEBUG:root:Result: Action: imperial -> Success
DEBUG:root:Result: Selector: High Level Ordering of Strategies -> Success
DEBUG:root:Finish turn

DEBUG:root:Executing:Selector: High Level Ordering of Strategies
DEBUG:root:Executing:Action: imperial
INFO:root:6.0
INFO:root:1.0
INFO:root:33.0
INFO:root:30.0
INFO:root:39.0
INFO:root:1.0
DEBUG:root:Order:4 4 42.0
DEBUG:root:Order:1 6 40.0
DEBUG:root:Result: Action: imperial -> Success
DEBUG:root:Result: Selector: High Level Ordering of Strategies -> Success
DEBUG:root:Finish turn

DEBUG:root:Executing:Selector: High Level Ordering of Strategies
DEBUG:root:Executing:Action: imperial
INFO:root:1.0
INFO:root:30.0
INFO:root:39.0
INFO:root:3.0
INFO:root:1.0
INFO:root:1.0
DEBUG:root:Order:4 6 45.0
DEBUG:root:Result: Action: imperial -> Success
DEBUG:root:Result: Selector: High Level Ordering of Strategies -> Success
DEBUG:root:Finish turn

DEBUG:root:Executing:Selector: High Level Ordering of Strategies
DEBUG:root:Executing:Action: imperial
INFO:root:46.0
INFO:root:30.0
INFO:root:39.0
INFO:root:10.0
INFO:root:28.0
INFO:root:1.0
INFO:root:1.0
DEBUG:root:Result: Action: imperial -> Success
DEBUG:root:Result: Selector: High Level Ordering of Strategies -> Success
DEBUG:root:Finish turn

DEBUG:root:Executing:Selector: High Level Ordering of Strategies
DEBUG:root:Executing:Action: imperial
INFO:root:46.0
INFO:root:31.0
INFO:root:39.0
INFO:root:8.0
INFO:root:30.0
INFO:root:1.0
INFO:root:1.0
DEBUG:root:Result: Action: imperial -> Success
DEBUG:root:Result: Selector: High Level Ordering of Strategies -> Success
DEBUG:root:Finish turn

DEBUG:root:Executing:Selector: High Level Ordering of Strategies
DEBUG:root:Executing:Action: imperial
INFO:root:31.0
INFO:root:41.0
INFO:root:8.0
INFO:root:31.0
INFO:root:1.0
INFO:root:1.0
DEBUG:root:Order:18 4 47.0
DEBUG:root:Result: Action: imperial -> Success
DEBUG:root:Result: Selector: High Level Ordering of Strategies -> Success
DEBUG:root:Finish turn

DEBUG:root:Executing:Selector: High Level Ordering of Strategies
DEBUG:root:Executing:Action: imperial
INFO:root:41.0
INFO:root:1.0
INFO:root:1.0
DEBUG:root:Result: Action: imperial -> Success
DEBUG:root:Result: Selector: High Level Ordering of Strategies -> Success
DEBUG:root:Finish turn

DEBUG:root:Executing:Selector: High Level Ordering of Strategies
DEBUG:root:Executing:Action: imperial
INFO:root:1.0
INFO:root:1.0
INFO:root:1.0
DEBUG:root:Result: Action: imperial -> Success
DEBUG:root:Result: Selector: High Level Ordering of Strategies -> Success
DEBUG:root:Finish turn

DEBUG:root:Executing:Selector: High Level Ordering of Strategies
DEBUG:root:Executing:Action: imperial
INFO:root:1.0
INFO:root:1.0
INFO:root:1.0
INFO:root:1.0
DEBUG:root:Result: Action: imperial -> Success
DEBUG:root:Result: Selector: High Level Ordering of Strategies -> Success
DEBUG:root:Finish turn

DEBUG:root:Executing:Selector: High Level Ordering of Strategies
DEBUG:root:Executing:Action: imperial
INFO:root:1.0
INFO:root:1.0
INFO:root:1.0
INFO:root:1.0
DEBUG:root:Order:1 18 40.0
DEBUG:root:Result: Action: imperial -> Success
DEBUG:root:Result: Selector: High Level Ordering of Strategies -> Success
DEBUG:root:Finish turn

DEBUG:root:Executing:Selector: High Level Ordering of Strategies
DEBUG:root:Executing:Action: imperial
INFO:root:41.0
INFO:root:1.0
INFO:root:1.0
INFO:root:1.0
DEBUG:root:Result: Action: imperial -> Success
DEBUG:root:Result: Selector: High Level Ordering of Strategies -> Success
DEBUG:root:Finish turn

DEBUG:root:Executing:Selector: High Level Ordering of Strategies
DEBUG:root:Executing:Action: imperial
INFO:root:41.0
INFO:root:1.0
INFO:root:1.0
INFO:root:1.0
DEBUG:root:Result: Action: imperial -> Success
DEBUG:root:Result: Selector: High Level Ordering of Strategies -> Success
DEBUG:root:Finish turn

DEBUG:root:Executing:Selector: High Level Ordering of Strategies
DEBUG:root:Executing:Action: imperial
INFO:root:41.0
INFO:root:1.0
INFO:root:1.0
INFO:root:1.0
DEBUG:root:Order:6 10 112.0
DEBUG:root:Result: Action: imperial -> Success
DEBUG:root:Result: Selector: High Level Ordering of Strategies -> Success
DEBUG:root:Finish turn

DEBUG:root:Executing:Selector: High Level Ordering of Strategies
DEBUG:root:Executing:Action: imperial
INFO:root:1.0
INFO:root:1.0
INFO:root:1.0
INFO:root:27.0
INFO:root:103.0
DEBUG:root:Result: Action: imperial -> Success
DEBUG:root:Result: Selector: High Level Ordering of Strategies -> Success
DEBUG:root:Finish turn

DEBUG:root:Executing:Selector: High Level Ordering of Strategies
DEBUG:root:Executing:Action: imperial
INFO:root:1.0
INFO:root:1.0
INFO:root:1.0
INFO:root:27.0
INFO:root:103.0
DEBUG:root:Result: Action: imperial -> Success
DEBUG:root:Result: Selector: High Level Ordering of Strategies -> Success
DEBUG:root:Finish turn

DEBUG:root:Executing:Selector: High Level Ordering of Strategies
DEBUG:root:Executing:Action: imperial
INFO:root:1.0
INFO:root:27.0
INFO:root:103.0
DEBUG:root:Result: Action: imperial -> Success
DEBUG:root:Result: Selector: High Level Ordering of Strategies -> Success
DEBUG:root:Finish turn

DEBUG:root:Executing:Selector: High Level Ordering of Strategies
DEBUG:root:Executing:Action: imperial
INFO:root:1.0
INFO:root:27.0
INFO:root:104.0
DEBUG:root:Order:18 4 62.0
DEBUG:root:Result: Action: imperial -> Success
DEBUG:root:Result: Selector: High Level Ordering of Strategies -> Success
DEBUG:root:Finish turn

DEBUG:root:Executing:Selector: High Level Ordering of Strategies
DEBUG:root:Executing:Action: imperial
INFO:root:25.0
INFO:root:12.0
INFO:root:1.0
INFO:root:27.0
INFO:root:104.0
DEBUG:root:Result: Action: imperial -> Success
DEBUG:root:Result: Selector: High Level Ordering of Strategies -> Success
DEBUG:root:Finish turn

DEBUG:root:Executing:Selector: High Level Ordering of Strategies
DEBUG:root:Executing:Action: imperial
INFO:root:25.0
INFO:root:12.0
INFO:root:1.0
INFO:root:27.0
INFO:root:104.0
DEBUG:root:Result: Action: imperial -> Success
DEBUG:root:Result: Selector: High Level Ordering of Strategies -> Success
DEBUG:root:Finish turn

DEBUG:root:Executing:Selector: High Level Ordering of Strategies
DEBUG:root:Executing:Action: imperial
INFO:root:12.0
INFO:root:1.0
INFO:root:28.0
INFO:root:104.0
DEBUG:root:Result: Action: imperial -> Success
DEBUG:root:Result: Selector: High Level Ordering of Strategies -> Success
DEBUG:root:Finish turn

DEBUG:root:Executing:Selector: High Level Ordering of Strategies
DEBUG:root:Executing:Action: imperial
INFO:root:12.0
INFO:root:1.0
INFO:root:28.0
INFO:root:104.0
DEBUG:root:Result: Action: imperial -> Success
DEBUG:root:Result: Selector: High Level Ordering of Strategies -> Success
DEBUG:root:Finish turn

DEBUG:root:Executing:Selector: High Level Ordering of Strategies
DEBUG:root:Executing:Action: imperial
INFO:root:12.0
INFO:root:1.0
INFO:root:28.0
INFO:root:104.0
DEBUG:root:Result: Action: imperial -> Success
DEBUG:root:Result: Selector: High Level Ordering of Strategies -> Success
DEBUG:root:Finish turn

DEBUG:root:Executing:Selector: High Level Ordering of Strategies
DEBUG:root:Executing:Action: imperial
INFO:root:1.0
INFO:root:28.0
INFO:root:104.0
DEBUG:root:Result: Action: imperial -> Success
DEBUG:root:Result: Selector: High Level Ordering of Strategies -> Success
DEBUG:root:Finish turn

DEBUG:root:Executing:Selector: High Level Ordering of Strategies
DEBUG:root:Executing:Action: imperial
INFO:root:28.0
INFO:root:106.0
DEBUG:root:Result: Action: imperial -> Success
DEBUG:root:Result: Selector: High Level Ordering of Strategies -> Success
DEBUG:root:Finish turn

DEBUG:root:Executing:Selector: High Level Ordering of Strategies
DEBUG:root:Executing:Action: imperial
INFO:root:28.0
INFO:root:106.0
DEBUG:root:Result: Action: imperial -> Success
DEBUG:root:Result: Selector: High Level Ordering of Strategies -> Success
DEBUG:root:Finish turn

DEBUG:root:Executing:Selector: High Level Ordering of Strategies
DEBUG:root:Executing:Action: imperial
INFO:root:28.0
INFO:root:106.0
DEBUG:root:Result: Action: imperial -> Success
DEBUG:root:Result: Selector: High Level Ordering of Strategies -> Success
DEBUG:root:Finish turn

DEBUG:root:Executing:Selector: High Level Ordering of Strategies
DEBUG:root:Executing:Action: imperial
INFO:root:1.0
INFO:root:105.0
DEBUG:root:Result: Action: imperial -> Success
DEBUG:root:Result: Selector: High Level Ordering of Strategies -> Success
DEBUG:root:Finish turn

DEBUG:root:Executing:Selector: High Level Ordering of Strategies
DEBUG:root:Executing:Action: imperial
INFO:root:1.0
INFO:root:105.0
DEBUG:root:Result: Action: imperial -> Success
DEBUG:root:Result: Selector: High Level Ordering of Strategies -> Success
DEBUG:root:Finish turn

DEBUG:root:Executing:Selector: High Level Ordering of Strategies
DEBUG:root:Executing:Action: imperial
DEBUG:root:Order:10 4 96.0
DEBUG:root:Result: Action: imperial -> Success
DEBUG:root:Result: Selector: High Level Ordering of Strategies -> Success
DEBUG:root:Finish turn

DEBUG:root:Executing:Selector: High Level Ordering of Strategies
DEBUG:root:Executing:Action: imperial
INFO:root:65.0
INFO:root:97.0
DEBUG:root:Result: Action: imperial -> Success
DEBUG:root:Result: Selector: High Level Ordering of Strategies -> Success
DEBUG:root:Finish turn

DEBUG:root:Executing:Selector: High Level Ordering of Strategies
DEBUG:root:Executing:Action: imperial
INFO:root:65.0
INFO:root:97.0
DEBUG:root:Result: Action: imperial -> Success
DEBUG:root:Result: Selector: High Level Ordering of Strategies -> Success
DEBUG:root:Finish turn

DEBUG:root:Executing:Selector: High Level Ordering of Strategies
DEBUG:root:Executing:Action: imperial
INFO:root:65.0
INFO:root:97.0
DEBUG:root:Result: Action: imperial -> Success
DEBUG:root:Result: Selector: High Level Ordering of Strategies -> Success
DEBUG:root:Finish turn

DEBUG:root:Executing:Selector: High Level Ordering of Strategies
DEBUG:root:Executing:Action: imperial
INFO:root:65.0
INFO:root:97.0
DEBUG:root:Result: Action: imperial -> Success
DEBUG:root:Result: Selector: High Level Ordering of Strategies -> Success
DEBUG:root:Finish turn

DEBUG:root:Executing:Selector: High Level Ordering of Strategies
DEBUG:root:Executing:Action: imperial
INFO:root:65.0
INFO:root:97.0
DEBUG:root:Result: Action: imperial -> Success
DEBUG:root:Result: Selector: High Level Ordering of Strategies -> Success
DEBUG:root:Finish turn

DEBUG:root:Executing:Selector: High Level Ordering of Strategies
DEBUG:root:Executing:Action: imperial
INFO:root:65.0
INFO:root:97.0
DEBUG:root:Result: Action: imperial -> Success
DEBUG:root:Result: Selector: High Level Ordering of Strategies -> Success
DEBUG:root:Finish turn

DEBUG:root:Executing:Selector: High Level Ordering of Strategies
DEBUG:root:Executing:Action: imperial
INFO:root:65.0
INFO:root:97.0
DEBUG:root:Result: Action: imperial -> Success
DEBUG:root:Result: Selector: High Level Ordering of Strategies -> Success
DEBUG:root:Finish turn

DEBUG:root:Executing:Selector: High Level Ordering of Strategies
DEBUG:root:Executing:Action: imperial
INFO:root:65.0
INFO:root:97.0
DEBUG:root:Result: Action: imperial -> Success
DEBUG:root:Result: Selector: High Level Ordering of Strategies -> Success
DEBUG:root:Finish turn

DEBUG:root:Executing:Selector: High Level Ordering of Strategies
DEBUG:root:Executing:Action: imperial
INFO:root:65.0
INFO:root:97.0
DEBUG:root:Result: Action: imperial -> Success
DEBUG:root:Result: Selector: High Level Ordering of Strategies -> Success
DEBUG:root:Finish turn

DEBUG:root:Executing:Selector: High Level Ordering of Strategies
DEBUG:root:Executing:Action: imperial
INFO:root:97.0
DEBUG:root:Order:4 18 55.0
DEBUG:root:Result: Action: imperial -> Success
DEBUG:root:Result: Selector: High Level Ordering of Strategies -> Success
DEBUG:root:Finish turn

DEBUG:root:Executing:Selector: High Level Ordering of Strategies
DEBUG:root:Executing:Action: imperial
INFO:root:56.0
INFO:root:97.0
DEBUG:root:Result: Action: imperial -> Success
DEBUG:root:Result: Selector: High Level Ordering of Strategies -> Success
DEBUG:root:Finish turn

DEBUG:root:Executing:Selector: High Level Ordering of Strategies
DEBUG:root:Executing:Action: imperial
INFO:root:56.0
INFO:root:97.0
DEBUG:root:Result: Action: imperial -> Success
DEBUG:root:Result: Selector: High Level Ordering of Strategies -> Success
DEBUG:root:Finish turn

DEBUG:root:Executing:Selector: High Level Ordering of Strategies
DEBUG:root:Executing:Action: imperial
INFO:root:56.0
INFO:root:97.0
DEBUG:root:Result: Action: imperial -> Success
DEBUG:root:Result: Selector: High Level Ordering of Strategies -> Success
DEBUG:root:Finish turn

DEBUG:root:Executing:Selector: High Level Ordering of Strategies
DEBUG:root:Executing:Action: imperial
INFO:root:56.0
INFO:root:97.0
DEBUG:root:Result: Action: imperial -> Success
DEBUG:root:Result: Selector: High Level Ordering of Strategies -> Success
DEBUG:root:Finish turn

DEBUG:root:Executing:Selector: High Level Ordering of Strategies
DEBUG:root:Executing:Action: imperial
INFO:root:56.0
INFO:root:97.0
DEBUG:root:Result: Action: imperial -> Success
DEBUG:root:Result: Selector: High Level Ordering of Strategies -> Success
DEBUG:root:Finish turn

DEBUG:root:Executing:Selector: High Level Ordering of Strategies
DEBUG:root:Executing:Action: imperial
INFO:root:97.0
DEBUG:root:Result: Action: imperial -> Success
DEBUG:root:Result: Selector: High Level Ordering of Strategies -> Success
DEBUG:root:Finish turn

DEBUG:root:Executing:Selector: High Level Ordering of Strategies
DEBUG:root:Executing:Action: imperial
INFO:root:97.0
DEBUG:root:Result: Action: imperial -> Success
DEBUG:root:Result: Selector: High Level Ordering of Strategies -> Success
DEBUG:root:Finish turn

DEBUG:root:Executing:Selector: High Level Ordering of Strategies
DEBUG:root:Executing:Action: imperial
INFO:root:97.0
DEBUG:root:Result: Action: imperial -> Success
DEBUG:root:Result: Selector: High Level Ordering of Strategies -> Success
DEBUG:root:Finish turn

DEBUG:root:Executing:Selector: High Level Ordering of Strategies
DEBUG:root:Executing:Action: imperial
INFO:root:97.0
DEBUG:root:Result: Action: imperial -> Success
DEBUG:root:Result: Selector: High Level Ordering of Strategies -> Success
DEBUG:root:Finish turn

DEBUG:root:Executing:Selector: High Level Ordering of Strategies
DEBUG:root:Executing:Action: imperial
INFO:root:97.0
DEBUG:root:Result: Action: imperial -> Success
DEBUG:root:Result: Selector: High Level Ordering of Strategies -> Success
DEBUG:root:Finish turn

DEBUG:root:Executing:Selector: High Level Ordering of Strategies
DEBUG:root:Executing:Action: imperial
INFO:root:97.0
DEBUG:root:Result: Action: imperial -> Success
DEBUG:root:Result: Selector: High Level Ordering of Strategies -> Success
DEBUG:root:Finish turn

DEBUG:root:Executing:Selector: High Level Ordering of Strategies
DEBUG:root:Executing:Action: imperial
INFO:root:97.0
DEBUG:root:Result: Action: imperial -> Success
DEBUG:root:Result: Selector: High Level Ordering of Strategies -> Success
DEBUG:root:Finish turn

DEBUG:root:Executing:Selector: High Level Ordering of Strategies
DEBUG:root:Executing:Action: imperial
INFO:root:97.0
DEBUG:root:Result: Action: imperial -> Success
DEBUG:root:Result: Selector: High Level Ordering of Strategies -> Success
DEBUG:root:Finish turn

