DEBUG:root:Order:2 3 10.0
DEBUG:root:Finish turn

DEBUG:root:Order:2 4 10.0
DEBUG:root:Finish turn

DEBUG:root:Order:2 19 15.0
DEBUG:root:Finish turn

DEBUG:root:Order:2 20 15.0
DEBUG:root:Order:2 4 32
DEBUG:root:Finish turn

DEBUG:root:Order:2 15 20.0
DEBUG:root:Bad order:4 3.0 8
DEBUG:root:Finish turn

DEBUG:root:Order:2 16 20.0
DEBUG:root:Order:4 0 26.0
DEBUG:root:Order:4 2 4
DEBUG:root:Finish turn

DEBUG:root:Order:2 4 1
DEBUG:root:Finish turn

DEBUG:root:Order:2 19 6
DEBUG:root:Order:4 19 2
DEBUG:root:Finish turn

DEBUG:root:Order:2 19 2
DEBUG:root:Order:2 4 2
DEBUG:root:Finish turn

DEBUG:root:Order:2 19 1
DEBUG:root:Order:4 19 1
DEBUG:root:Finish turn

DEBUG:root:Order:2 19 1
DEBUG:root:Order:2 4 2
DEBUG:root:Finish turn

DEBUG:root:Order:2 15 6
DEBUG:root:Order:4 15 5
DEBUG:root:Order:19 15 2
DEBUG:root:Finish turn

DEBUG:root:Order:2 15 1
DEBUG:root:Order:2 19 1
DEBUG:root:Order:2 4 2
DEBUG:root:Finish turn

DEBUG:root:Order:2 19 1
DEBUG:root:Order:4 19 1
DEBUG:root:Finish turn

DEBUG:root:Order:2 19 1
DEBUG:root:Order:2 4 2
DEBUG:root:Finish turn

DEBUG:root:Order:2 19 1
DEBUG:root:Finish turn

DEBUG:root:Order:2 19 2
DEBUG:root:Finish turn

DEBUG:root:Order:2 19 3
DEBUG:root:Order:2 4 1
DEBUG:root:Finish turn

DEBUG:root:Order:2 0 8
DEBUG:root:Order:15 0 8
DEBUG:root:Order:4 0 6
DEBUG:root:Order:19 0 5
DEBUG:root:Finish turn

DEBUG:root:Order:2 0 1
DEBUG:root:Order:2 19 1
DEBUG:root:Order:2 4 2
DEBUG:root:Finish turn

DEBUG:root:Order:2 0 1
DEBUG:root:Order:2 19 1
DEBUG:root:Finish turn

DEBUG:root:Order:2 0 1
DEBUG:root:Order:15 0 1
DEBUG:root:Order:15 19 1
DEBUG:root:Finish turn

DEBUG:root:Order:2 9 40.0
DEBUG:root:Order:4 2 8
DEBUG:root:Order:15 2 8
DEBUG:root:Bad order:0 5.0 6
DEBUG:root:Order:19 2 5
DEBUG:root:Finish turn

DEBUG:root:Order:0 2 5
DEBUG:root:Order:0 19 1
DEBUG:root:Finish turn

DEBUG:root:Order:2 0 2
DEBUG:root:Order:2 19 1
DEBUG:root:Order:2 4 2
DEBUG:root:Order:15 4 1
DEBUG:root:Finish turn

DEBUG:root:Order:4 0 1
DEBUG:root:Order:4 19 1
DEBUG:root:Finish turn

DEBUG:root:Order:15 10 40.0
DEBUG:root:Order:2 15 10
DEBUG:root:Order:4 15 7
DEBUG:root:Bad order:0 3.0 5
DEBUG:root:Order:19 15 5
DEBUG:root:Finish turn

DEBUG:root:Order:2 0 5
DEBUG:root:Order:2 15 5
DEBUG:root:Finish turn

DEBUG:root:Order:4 0 1
DEBUG:root:Order:4 2 1
DEBUG:root:Finish turn

DEBUG:root:Order:2 0 2
DEBUG:root:Order:2 19 1
DEBUG:root:Finish turn

DEBUG:root:Order:2 0 1
DEBUG:root:Order:2 19 1
DEBUG:root:Order:2 4 1
DEBUG:root:Order:15 4 1
DEBUG:root:Finish turn

DEBUG:root:Order:2 0 1
DEBUG:root:Order:2 19 1
DEBUG:root:Finish turn

DEBUG:root:Order:0 6 34.0
DEBUG:root:Order:2 0 8
DEBUG:root:Order:15 0 8
DEBUG:root:Order:4 0 7
DEBUG:root:Order:19 0 4
DEBUG:root:Finish turn

DEBUG:root:Order:2 9 9
DEBUG:root:Order:15 9 7
DEBUG:root:Order:4 9 6
DEBUG:root:Order:19 9 5
DEBUG:root:Order:0 9 2
DEBUG:root:Finish turn

DEBUG:root:Order:2 9 2
DEBUG:root:Order:2 0 3
DEBUG:root:Order:15 0 1
DEBUG:root:Finish turn

DEBUG:root:Order:0 19 1
DEBUG:root:Finish turn

DEBUG:root:Order:2 19 2
DEBUG:root:Order:2 9 1
DEBUG:root:Order:2 0 3
DEBUG:root:Order:15 0 1
DEBUG:root:Finish turn

DEBUG:root:Order:19 21 15.0
DEBUG:root:Order:15 0 10
DEBUG:root:Order:2 0 9
DEBUG:root:Order:4 0 8
DEBUG:root:Order:4 19 8
DEBUG:root:Order:9 19 3
DEBUG:root:Finish turn

DEBUG:root:Order:9 4 5
DEBUG:root:Order:2 4 2
DEBUG:root:Order:2 0 1
DEBUG:root:Order:2 19 1
DEBUG:root:Finish turn

DEBUG:root:Order:2 0 1
DEBUG:root:Order:2 19 1
DEBUG:root:Order:2 4 2
DEBUG:root:Order:15 4 2
DEBUG:root:Finish turn

DEBUG:root:Order:4 0 2
DEBUG:root:Order:4 19 2
DEBUG:root:Order:4 9 2
DEBUG:root:Finish turn

DEBUG:root:Order:2 4 3
DEBUG:root:Order:2 0 1
DEBUG:root:Order:2 19 1
DEBUG:root:Finish turn

DEBUG:root:Order:15 0 1
DEBUG:root:Order:15 19 1
DEBUG:root:Order:15 4 2
DEBUG:root:Order:2 4 1
DEBUG:root:Order:9 4 1
DEBUG:root:Finish turn

DEBUG:root:Order:2 5 46.0
DEBUG:root:Order:4 2 14
DEBUG:root:Order:9 2 11
DEBUG:root:Order:15 2 6
DEBUG:root:Order:15 0 10
DEBUG:root:Order:19 0 5
DEBUG:root:Finish turn

DEBUG:root:Order:19 10 8
DEBUG:root:Order:2 10 7
DEBUG:root:Order:4 10 5
DEBUG:root:Order:9 10 5
DEBUG:root:Order:0 10 3
DEBUG:root:Finish turn

DEBUG:root:Order:2 10 2
DEBUG:root:Order:2 0 3
DEBUG:root:Order:15 0 1
DEBUG:root:Finish turn

DEBUG:root:Order:0 19 1
DEBUG:root:Finish turn

DEBUG:root:Order:2 7 15.0
DEBUG:root:Order:15 2 3
DEBUG:root:Order:0 2 1
DEBUG:root:Order:4 2 1
DEBUG:root:Order:9 2 1
DEBUG:root:Finish turn

DEBUG:root:Order:15 5 6
DEBUG:root:Order:4 5 5
DEBUG:root:Order:9 5 5
DEBUG:root:Order:10 5 5
DEBUG:root:Order:0 5 4
DEBUG:root:Order:2 5 4
DEBUG:root:Order:19 5 3
DEBUG:root:Finish turn

DEBUG:root:Order:2 10 15
DEBUG:root:Bad order:5 6.0 14
DEBUG:root:Order:15 10 13
DEBUG:root:Order:4 10 12
DEBUG:root:Order:9 10 12
DEBUG:root:Order:0 10 11
DEBUG:root:Order:19 10 11
DEBUG:root:Finish turn

DEBUG:root:Bad order:5 11.0 19
DEBUG:root:Order:2 21 5
DEBUG:root:Order:15 21 3
DEBUG:root:Order:4 21 2
DEBUG:root:Order:9 21 2
DEBUG:root:Order:0 21 1
DEBUG:root:Order:19 21 1
DEBUG:root:Finish turn

DEBUG:root:Bad order:5 16.0 17
DEBUG:root:Order:5 21 7
DEBUG:root:Bad order:5 9.0 22
DEBUG:root:Order:2 0 3
DEBUG:root:Order:15 0 1
DEBUG:root:Finish turn

DEBUG:root:Order:5 10 17
DEBUG:root:Order:2 10 1
DEBUG:root:Order:2 19 2
DEBUG:root:Order:2 4 2
DEBUG:root:Order:0 4 1
DEBUG:root:Finish turn

DEBUG:root:Order:5 19 2
DEBUG:root:Order:5 0 1
DEBUG:root:Order:5 9 1
DEBUG:root:Order:5 10 1
DEBUG:root:Order:5 2 2
DEBUG:root:Order:4 2 1
DEBUG:root:Finish turn

DEBUG:root:Order:2 0 21
DEBUG:root:Order:15 0 17
DEBUG:root:Order:4 0 16
DEBUG:root:Order:21 0 14
DEBUG:root:Bad order:21 0.0 16
DEBUG:root:Order:9 19 15
DEBUG:root:Order:10 19 15
DEBUG:root:Bad order:5 9.0 14
DEBUG:root:Finish turn

DEBUG:root:Bad order:5 14.0 17
DEBUG:root:Order:2 19 3
DEBUG:root:Order:21 19 3
DEBUG:root:Order:15 19 1
DEBUG:root:Finish turn

DEBUG:root:Order:5 19 18
DEBUG:root:Order:5 0 3
DEBUG:root:Bad order:5 6.0 19
DEBUG:root:Order:2 4 2
DEBUG:root:Finish turn

DEBUG:root:Order:2 0 2
DEBUG:root:Order:2 19 2
DEBUG:root:Order:2 9 1
DEBUG:root:Finish turn

DEBUG:root:Order:5 0 2
DEBUG:root:Order:5 19 2
DEBUG:root:Order:5 9 1
DEBUG:root:Finish turn

DEBUG:root:Order:2 0 10
DEBUG:root:Order:15 0 9
DEBUG:root:Order:21 0 9
DEBUG:root:Order:5 0 5
DEBUG:root:Order:5 19 8
DEBUG:root:Order:4 19 7
DEBUG:root:Order:9 19 3
DEBUG:root:Finish turn

DEBUG:root:Order:9 0 2
DEBUG:root:Order:9 5 2
DEBUG:root:Order:9 19 2
DEBUG:root:Order:9 4 3
DEBUG:root:Order:2 4 2
DEBUG:root:Finish turn

DEBUG:root:Order:4 0 5
DEBUG:root:Order:2 0 3
DEBUG:root:Order:2 9 4
DEBUG:root:Order:2 19 2
DEBUG:root:Finish turn

DEBUG:root:Order:5 8 22.0
DEBUG:root:Order:0 11 54.0
DEBUG:root:Order:15 0 11
DEBUG:root:Order:21 0 11
DEBUG:root:Order:4 0 8
DEBUG:root:Order:9 0 7
DEBUG:root:Order:2 0 6
DEBUG:root:Order:19 0 4
DEBUG:root:Order:19 5 6
DEBUG:root:Finish turn

DEBUG:root:Order:2 19 2
DEBUG:root:Finish turn

DEBUG:root:Order:19 13 62.0
DEBUG:root:Order:2 19 11
DEBUG:root:Order:5 19 11
DEBUG:root:Order:15 19 9
DEBUG:root:Order:21 19 9
DEBUG:root:Order:4 19 7
DEBUG:root:Order:9 19 7
DEBUG:root:Finish turn

DEBUG:root:Order:2 19 3
DEBUG:root:Order:5 19 3
DEBUG:root:Order:15 19 1
DEBUG:root:Order:15 21 1
DEBUG:root:Finish turn

DEBUG:root:Order:2 19 2
DEBUG:root:Order:2 4 2
DEBUG:root:Order:5 4 2
DEBUG:root:Finish turn

DEBUG:root:Order:4 19 2
DEBUG:root:Order:4 9 1
DEBUG:root:Order:4 15 2
DEBUG:root:Order:5 15 2
DEBUG:root:Finish turn

DEBUG:root:Order:15 4 3
DEBUG:root:Order:15 19 2
DEBUG:root:Order:15 9 1
DEBUG:root:Finish turn

DEBUG:root:Order:19 14 62.0
DEBUG:root:Order:2 19 13
DEBUG:root:Order:5 19 13
DEBUG:root:Order:21 19 9
DEBUG:root:Order:4 19 7
DEBUG:root:Order:9 19 7
DEBUG:root:Order:15 19 6
DEBUG:root:Finish turn

DEBUG:root:Order:2 19 2
DEBUG:root:Order:2 4 2
DEBUG:root:Order:5 4 2
DEBUG:root:Finish turn

DEBUG:root:Order:4 19 2
DEBUG:root:Order:4 9 1
DEBUG:root:Finish turn

DEBUG:root:Order:5 19 2
DEBUG:root:Order:5 4 1
DEBUG:root:Order:5 9 1
DEBUG:root:Finish turn

DEBUG:root:Order:2 19 2
DEBUG:root:Order:2 4 1
DEBUG:root:Order:2 9 1
DEBUG:root:Finish turn

DEBUG:root:Order:5 11 8
DEBUG:root:Order:2 11 6
DEBUG:root:Order:15 11 4
DEBUG:root:Order:21 11 4
DEBUG:root:Order:4 11 2
DEBUG:root:Order:9 11 2
DEBUG:root:Order:19 11 1
DEBUG:root:Finish turn

DEBUG:root:Order:19 18 57.0
DEBUG:root:Order:2 0 24
DEBUG:root:Order:5 0 24
DEBUG:root:Order:15 0 22
DEBUG:root:Order:21 0 22
DEBUG:root:Order:4 0 21
DEBUG:root:Order:9 0 5
DEBUG:root:Order:9 19 21
DEBUG:root:Bad order:11 5.0 15
DEBUG:root:Finish turn

DEBUG:root:Order:11 9 8
DEBUG:root:Bad order:11 2.0 3
DEBUG:root:Order:11 15 2
DEBUG:root:Bad order:11 0.0 2
DEBUG:root:Bad order:11 0.0 15
DEBUG:root:Finish turn

DEBUG:root:Bad order:11 10.0 24
DEBUG:root:Order:2 8 19
DEBUG:root:Order:5 8 19
DEBUG:root:Order:15 8 17
DEBUG:root:Bad order:9 10.0 16
DEBUG:root:Order:21 8 15
DEBUG:root:Order:4 8 13
DEBUG:root:Finish turn

DEBUG:root:Bad order:11 16.0 22
DEBUG:root:Order:13 8 21
DEBUG:root:Order:9 8 12
DEBUG:root:Finish turn

DEBUG:root:Order:11 8 15
DEBUG:root:Bad order:11 9.0 14
DEBUG:root:Order:11 4 3
DEBUG:root:Order:11 15 1
DEBUG:root:Order:11 21 1
DEBUG:root:Finish turn

DEBUG:root:Order:11 14 5
DEBUG:root:Order:2 14 4
DEBUG:root:Order:5 14 4
DEBUG:root:Order:5 4 1
DEBUG:root:Order:5 9 4
DEBUG:root:Order:13 9 3
DEBUG:root:Finish turn

DEBUG:root:Bad order:9 8.0 18
DEBUG:root:Order:2 21 15
DEBUG:root:Order:11 21 14
DEBUG:root:Bad order:14 9.0 13
DEBUG:root:Order:15 21 12
DEBUG:root:Order:4 21 11
DEBUG:root:Order:5 21 7
DEBUG:root:Order:5 13 10
DEBUG:root:Order:8 13 6
DEBUG:root:Finish turn

DEBUG:root:Bad order:9 10.0 16
DEBUG:root:Bad order:14 11.0 13
DEBUG:root:Order:2 13 1
DEBUG:root:Finish turn

DEBUG:root:Bad order:9 13.0 15
DEBUG:root:Order:14 13 14
DEBUG:root:Order:2 13 2
DEBUG:root:Order:11 13 1
DEBUG:root:Finish turn

DEBUG:root:Order:9 13 5
DEBUG:root:Order:9 4 4
DEBUG:root:Order:9 5 2
DEBUG:root:Order:9 21 2
DEBUG:root:Order:9 15 1
DEBUG:root:Finish turn

DEBUG:root:Order:2 4 2
DEBUG:root:Order:2 9 2
DEBUG:root:Order:2 15 1
DEBUG:root:Order:2 21 1
DEBUG:root:Finish turn

DEBUG:root:Order:5 18 3
DEBUG:root:Order:11 18 2
DEBUG:root:Order:14 18 2
DEBUG:root:Order:13 18 1
DEBUG:root:Finish turn

DEBUG:root:Order:5 4 1
DEBUG:root:Finish turn

DEBUG:root:Order:2 8 4
DEBUG:root:Order:5 8 4
DEBUG:root:Order:11 8 3
DEBUG:root:Order:13 8 3
DEBUG:root:Order:14 8 3
DEBUG:root:Order:18 8 2
DEBUG:root:Order:15 8 1
DEBUG:root:Order:21 8 1
DEBUG:root:Finish turn

DEBUG:root:Order:2 8 5
DEBUG:root:Order:5 8 5
DEBUG:root:Order:18 8 5
DEBUG:root:Order:11 8 4
DEBUG:root:Order:13 8 4
DEBUG:root:Order:14 8 4
DEBUG:root:Order:15 8 3
DEBUG:root:Order:21 8 3
DEBUG:root:Order:4 8 1
DEBUG:root:Finish turn

DEBUG:root:Order:2 8 2
DEBUG:root:Order:5 8 2
DEBUG:root:Order:18 8 2
DEBUG:root:Order:11 8 1
DEBUG:root:Order:11 4 1
DEBUG:root:Order:13 4 1
DEBUG:root:Order:14 4 1
DEBUG:root:Finish turn

DEBUG:root:Order:2 8 14
DEBUG:root:Order:5 8 14
DEBUG:root:Order:18 8 14
DEBUG:root:Order:4 8 13
DEBUG:root:Order:13 8 5
DEBUG:root:Bad order:13 7.0 13
DEBUG:root:Order:14 21 13
DEBUG:root:Order:11 21 12
DEBUG:root:Order:15 21 12
DEBUG:root:Order:9 21 10
DEBUG:root:Finish turn

DEBUG:root:Order:8 17 67.0
DEBUG:root:Order:13 8 14
DEBUG:root:Order:2 8 7
DEBUG:root:Order:5 8 7
DEBUG:root:Order:18 8 7
DEBUG:root:Order:11 8 6
DEBUG:root:Order:14 8 6
DEBUG:root:Order:15 8 5
DEBUG:root:Order:4 8 4
DEBUG:root:Order:9 8 4
DEBUG:root:Finish turn

DEBUG:root:Order:2 8 2
DEBUG:root:Order:5 8 2
DEBUG:root:Order:18 8 2
DEBUG:root:Order:11 8 1
DEBUG:root:Order:13 8 1
DEBUG:root:Bad order:13 0.0 1
DEBUG:root:Order:14 4 1
DEBUG:root:Finish turn

DEBUG:root:Order:2 18 4
DEBUG:root:Order:5 18 1
DEBUG:root:Order:5 9 3
DEBUG:root:Order:5 4 2
DEBUG:root:Order:5 15 1
DEBUG:root:Order:5 14 4
DEBUG:root:Order:11 14 1
DEBUG:root:Finish turn

DEBUG:root:Order:2 18 9
DEBUG:root:Order:14 18 8
DEBUG:root:Order:11 18 4
DEBUG:root:Order:5 18 2
DEBUG:root:Order:15 18 2
DEBUG:root:Order:4 18 1
DEBUG:root:Order:9 18 1
DEBUG:root:Finish turn

DEBUG:root:Order:2 18 2
DEBUG:root:Order:5 18 2
DEBUG:root:Order:5 4 1
DEBUG:root:Order:5 9 1
DEBUG:root:Finish turn

DEBUG:root:Order:2 4 1
DEBUG:root:Order:2 9 1
DEBUG:root:Order:2 5 1
DEBUG:root:Order:11 5 1
DEBUG:root:Order:14 5 1
DEBUG:root:Order:18 5 1
DEBUG:root:Finish turn

DEBUG:root:Order:5 4 2
DEBUG:root:Order:5 9 2
DEBUG:root:Order:5 15 1
DEBUG:root:Order:5 2 4
DEBUG:root:Order:18 2 1
DEBUG:root:Finish turn

DEBUG:root:Order:2 5 3
DEBUG:root:Order:2 4 2
DEBUG:root:Order:2 9 2
DEBUG:root:Order:2 15 1
DEBUG:root:Finish turn

DEBUG:root:Order:18 4 2
DEBUG:root:Order:18 9 2
DEBUG:root:Order:18 2 1
DEBUG:root:Order:18 15 1
DEBUG:root:Finish turn

DEBUG:root:Order:5 4 1
DEBUG:root:Order:5 9 1
DEBUG:root:Order:5 18 1
DEBUG:root:Order:5 15 2
DEBUG:root:Order:2 15 1
DEBUG:root:Order:11 15 1
DEBUG:root:Order:14 15 1
DEBUG:root:Finish turn

DEBUG:root:Order:15 17 11
DEBUG:root:Order:2 17 9
DEBUG:root:Order:11 17 8
DEBUG:root:Order:14 17 8
DEBUG:root:Order:18 17 8
DEBUG:root:Order:5 17 1
DEBUG:root:Order:5 8 6
DEBUG:root:Order:4 8 5
DEBUG:root:Order:9 8 5
DEBUG:root:Finish turn

DEBUG:root:Order:2 8 2
DEBUG:root:Order:18 8 2
DEBUG:root:Order:5 8 1
DEBUG:root:Order:11 8 1
DEBUG:root:Order:14 8 1
DEBUG:root:Order:17 8 1
DEBUG:root:Order:17 4 1
DEBUG:root:Finish turn

DEBUG:root:Order:8 22 68.0
DEBUG:root:Order:2 18 20
DEBUG:root:Order:5 18 20
DEBUG:root:Order:11 18 19
DEBUG:root:Bad order:17 9.0 19
DEBUG:root:Order:15 18 18
DEBUG:root:Order:4 18 2
DEBUG:root:Order:4 8 17
DEBUG:root:Order:9 8 16
DEBUG:root:Order:14 8 3
DEBUG:root:Finish turn

DEBUG:root:Bad order:17 18.0 20
DEBUG:root:Order:2 8 1
DEBUG:root:Order:5 8 1
DEBUG:root:Finish turn

DEBUG:root:Order:17 18 23
DEBUG:root:Order:2 18 9
DEBUG:root:Order:5 18 9
DEBUG:root:Order:11 18 8
DEBUG:root:Order:14 18 8
DEBUG:root:Order:15 18 5
DEBUG:root:Order:15 8 6
DEBUG:root:Order:9 8 4
DEBUG:root:Order:4 8 2
DEBUG:root:Finish turn

DEBUG:root:Order:2 8 9
DEBUG:root:Order:5 8 9
DEBUG:root:Bad order:17 1.0 9
DEBUG:root:Order:11 8 8
DEBUG:root:Order:14 8 8
DEBUG:root:Order:4 8 4
DEBUG:root:Order:9 8 2
DEBUG:root:Order:9 18 4
DEBUG:root:Order:15 18 2
DEBUG:root:Finish turn

DEBUG:root:Order:17 18 5
DEBUG:root:Order:17 9 3
DEBUG:root:Order:17 8 2
DEBUG:root:Order:17 4 1
DEBUG:root:Bad order:17 3.0 10
DEBUG:root:Order:2 15 1
DEBUG:root:Order:5 15 1
DEBUG:root:Finish turn

DEBUG:root:Order:2 8 4
DEBUG:root:Order:5 8 4
DEBUG:root:Order:11 8 3
DEBUG:root:Order:14 8 3
DEBUG:root:Order:15 8 3
DEBUG:root:Order:17 8 3
DEBUG:root:Order:18 8 3
DEBUG:root:Finish turn

DEBUG:root:Order:2 8 1
DEBUG:root:Order:5 8 1
DEBUG:root:Order:17 8 1
DEBUG:root:Order:18 8 1
DEBUG:root:Finish turn

DEBUG:root:Order:2 4 1
DEBUG:root:Order:5 4 1
DEBUG:root:Order:17 4 1
DEBUG:root:Order:17 9 1
DEBUG:root:Order:18 9 1
DEBUG:root:Finish turn

DEBUG:root:Order:2 9 1
DEBUG:root:Order:5 9 1
DEBUG:root:Order:18 9 1
DEBUG:root:Order:18 4 1
DEBUG:root:Finish turn

DEBUG:root:Order:2 4 1
DEBUG:root:Order:5 4 1
DEBUG:root:Order:17 4 1
DEBUG:root:Order:17 15 1
DEBUG:root:Finish turn

DEBUG:root:Order:2 18 15
DEBUG:root:Order:5 18 15
DEBUG:root:Order:11 18 14
DEBUG:root:Order:14 18 14
DEBUG:root:Order:4 18 11
DEBUG:root:Order:15 18 10
DEBUG:root:Order:9 18 9
DEBUG:root:Finish turn

DEBUG:root:Order:2 18 8
DEBUG:root:Order:5 18 8
DEBUG:root:Order:11 18 7
DEBUG:root:Order:14 18 7
DEBUG:root:Order:15 18 6
DEBUG:root:Order:4 18 5
DEBUG:root:Order:9 18 5
DEBUG:root:Order:17 18 5
DEBUG:root:Finish turn

DEBUG:root:Order:2 4 1
DEBUG:root:Order:2 9 1
DEBUG:root:Order:2 15 1
DEBUG:root:Order:5 15 1
DEBUG:root:Order:17 15 1
DEBUG:root:Finish turn

DEBUG:root:Order:5 8 3
DEBUG:root:Order:15 8 3
DEBUG:root:Order:17 8 3
DEBUG:root:Order:11 8 2
DEBUG:root:Order:14 8 2
DEBUG:root:Order:2 8 1
DEBUG:root:Finish turn

DEBUG:root:Order:2 8 2
DEBUG:root:Order:5 8 2
DEBUG:root:Order:5 4 2
DEBUG:root:Order:5 9 2
DEBUG:root:Finish turn

DEBUG:root:Order:17 5 2
DEBUG:root:Order:17 4 1
DEBUG:root:Order:17 9 1
DEBUG:root:Order:17 15 3
DEBUG:root:Order:2 15 1
DEBUG:root:Order:11 15 1
DEBUG:root:Order:14 15 1
DEBUG:root:Finish turn

DEBUG:root:Order:15 8 5
DEBUG:root:Order:2 8 1
DEBUG:root:Order:2 4 1
DEBUG:root:Order:2 9 1
DEBUG:root:Order:2 17 1
DEBUG:root:Finish turn

DEBUG:root:Order:5 8 2
DEBUG:root:Order:11 8 1
DEBUG:root:Order:11 4 1
DEBUG:root:Order:14 4 1
DEBUG:root:Order:14 9 1
DEBUG:root:Finish turn

DEBUG:root:Order:5 8 2
DEBUG:root:Order:5 9 2
DEBUG:root:Order:5 4 1
DEBUG:root:Order:5 15 2
DEBUG:root:Order:17 15 2
DEBUG:root:Order:2 15 1
DEBUG:root:Finish turn

DEBUG:root:Order:15 5 3
DEBUG:root:Order:15 8 3
DEBUG:root:Order:15 4 2
DEBUG:root:Order:15 9 2
DEBUG:root:Finish turn

DEBUG:root:Order:2 8 12
DEBUG:root:Order:17 8 12
DEBUG:root:Order:5 8 10
DEBUG:root:Order:11 8 10
DEBUG:root:Order:14 8 10
DEBUG:root:Order:4 8 7
DEBUG:root:Order:9 8 7
DEBUG:root:Order:15 8 2
DEBUG:root:Finish turn

DEBUG:root:Order:2 17 26
DEBUG:root:Order:5 17 26
DEBUG:root:Order:11 17 25
DEBUG:root:Order:14 17 25
DEBUG:root:Order:15 17 24
DEBUG:root:Order:4 17 23
DEBUG:root:Order:9 17 23
DEBUG:root:Order:8 17 21
DEBUG:root:Finish turn

DEBUG:root:Order:2 17 20
DEBUG:root:Order:5 17 20
DEBUG:root:Order:11 17 19
DEBUG:root:Order:15 17 2
DEBUG:root:Order:15 8 18
DEBUG:root:Order:4 8 17
DEBUG:root:Order:14 8 3
DEBUG:root:Order:14 9 7
DEBUG:root:Finish turn

DEBUG:root:Order:9 8 3
DEBUG:root:Order:9 14 2
DEBUG:root:Order:9 15 2
DEBUG:root:Order:9 4 1
DEBUG:root:Finish turn

DEBUG:root:Order:2 8 5
DEBUG:root:Order:5 8 5
DEBUG:root:Order:11 8 3
DEBUG:root:Order:14 8 2
DEBUG:root:Order:15 8 1
DEBUG:root:Finish turn

DEBUG:root:Order:2 8 3
DEBUG:root:Order:5 8 3
DEBUG:root:Order:11 8 2
DEBUG:root:Order:14 8 2
DEBUG:root:Order:15 8 1
DEBUG:root:Order:15 9 1
DEBUG:root:Finish turn

DEBUG:root:Order:2 8 6
DEBUG:root:Order:5 8 6
DEBUG:root:Order:11 8 5
DEBUG:root:Order:14 8 1
DEBUG:root:Order:14 9 5
DEBUG:root:Order:15 9 3
DEBUG:root:Order:15 4 3
DEBUG:root:Finish turn

DEBUG:root:Order:2 8 10
DEBUG:root:Order:5 8 10
DEBUG:root:Order:11 8 9
DEBUG:root:Order:14 8 8
DEBUG:root:Order:15 8 1
DEBUG:root:Order:15 9 3
DEBUG:root:Order:15 4 5
DEBUG:root:Finish turn

DEBUG:root:Order:4 15 3
DEBUG:root:Order:2 15 1
DEBUG:root:Order:2 8 2
DEBUG:root:Order:5 8 1
DEBUG:root:Order:5 9 2
DEBUG:root:Finish turn

DEBUG:root:Order:11 8 1
DEBUG:root:Order:14 8 1
DEBUG:root:Order:14 4 1
DEBUG:root:Order:14 9 1
DEBUG:root:Order:14 15 1
DEBUG:root:Finish turn

DEBUG:root:Order:2 8 7
DEBUG:root:Order:5 8 7
DEBUG:root:Order:11 8 6
DEBUG:root:Order:15 8 5
DEBUG:root:Order:4 8 3
DEBUG:root:Order:9 8 3
DEBUG:root:Order:14 8 3
DEBUG:root:Finish turn

DEBUG:root:Order:2 8 2
DEBUG:root:Order:5 8 2
DEBUG:root:Order:11 8 1
DEBUG:root:Order:11 4 1
DEBUG:root:Order:14 4 1
DEBUG:root:Finish turn

DEBUG:root:Order:2 9 8
DEBUG:root:Order:5 9 8
DEBUG:root:Order:14 9 7
DEBUG:root:Order:11 9 6
DEBUG:root:Order:15 9 6
DEBUG:root:Order:8 9 2
DEBUG:root:Order:8 4 1
DEBUG:root:Finish turn

DEBUG:root:Order:2 4 2
DEBUG:root:Order:2 8 2
DEBUG:root:Order:2 9 2
DEBUG:root:Finish turn

DEBUG:root:Order:5 8 11
DEBUG:root:Order:11 8 7
DEBUG:root:Order:11 15 9
DEBUG:root:Order:14 15 7
DEBUG:root:Order:14 9 7
DEBUG:root:Finish turn

DEBUG:root:Order:2 14 6
DEBUG:root:Order:2 8 5
DEBUG:root:Order:2 9 4
DEBUG:root:Order:2 15 3
DEBUG:root:Bad order:2 11.0 12
DEBUG:root:Order:5 11 7
DEBUG:root:Finish turn

DEBUG:root:Order:11 8 11
DEBUG:root:Order:11 14 8
DEBUG:root:Bad order:11 1.0 12
DEBUG:root:Order:5 9 7
DEBUG:root:Order:2 9 1
DEBUG:root:Finish turn

DEBUG:root:Order:2 14 15
DEBUG:root:Order:5 14 15
DEBUG:root:Order:4 14 7
DEBUG:root:Order:4 9 12
DEBUG:root:Order:8 9 12
DEBUG:root:Bad order:11 5.0 6
DEBUG:root:Finish turn

DEBUG:root:Order:11 4 7
DEBUG:root:Bad order:11 2.0 7
DEBUG:root:Order:11 8 1
DEBUG:root:Finish turn

DEBUG:root:Bad order:2 15.0 21
DEBUG:root:Bad order:5 15.0 21
DEBUG:root:Bad order:11 5.0 18
DEBUG:root:Order:14 8 18
DEBUG:root:Order:4 8 15
DEBUG:root:Order:15 8 11
DEBUG:root:Finish turn

DEBUG:root:Bad order:2 20.0 22
DEBUG:root:Bad order:5 20.0 22
DEBUG:root:Bad order:11 9.0 18
DEBUG:root:Finish turn

DEBUG:root:Order:2 8 24
DEBUG:root:Order:5 8 24
DEBUG:root:Order:11 8 4
DEBUG:root:Bad order:11 9.0 14
DEBUG:root:Order:11 4 2
DEBUG:root:Bad order:11 7.0 19
DEBUG:root:Order:14 15 1
DEBUG:root:Finish turn

DEBUG:root:Order:11 9 14
DEBUG:root:Order:2 9 1
DEBUG:root:Order:2 8 2
DEBUG:root:Order:2 4 1
DEBUG:root:Finish turn

DEBUG:root:Order:5 8 2
DEBUG:root:Order:5 4 1
DEBUG:root:Order:5 9 1
DEBUG:root:Finish turn

DEBUG:root:Order:2 8 2
DEBUG:root:Order:2 4 1
DEBUG:root:Order:2 9 1
DEBUG:root:Finish turn

DEBUG:root:Order:5 8 3
DEBUG:root:Order:5 4 2
DEBUG:root:Order:5 9 2
DEBUG:root:Finish turn

DEBUG:root:Order:11 8 2
DEBUG:root:Order:11 4 1
DEBUG:root:Order:11 5 1
DEBUG:root:Order:11 9 1
DEBUG:root:Order:11 15 3
DEBUG:root:Order:2 15 1
DEBUG:root:Finish turn

DEBUG:root:Order:15 11 3
DEBUG:root:Order:15 8 2
DEBUG:root:Order:15 4 1
DEBUG:root:Order:15 9 1
DEBUG:root:Finish turn

DEBUG:root:Order:2 15 3
DEBUG:root:Order:2 4 1
DEBUG:root:Order:2 9 1
DEBUG:root:Finish turn

DEBUG:root:Order:5 4 2
DEBUG:root:Order:5 9 2
DEBUG:root:Order:5 15 1
DEBUG:root:Finish turn

DEBUG:root:Order:2 4 1
DEBUG:root:Order:2 9 1
DEBUG:root:Order:2 15 2
DEBUG:root:Order:5 15 1
DEBUG:root:Order:11 15 1
DEBUG:root:Finish turn

DEBUG:root:Order:15 4 2
DEBUG:root:Order:15 9 2
DEBUG:root:Order:15 2 2
DEBUG:root:Order:5 2 1
DEBUG:root:Finish turn

DEBUG:root:Order:2 15 3
DEBUG:root:Order:2 4 1
DEBUG:root:Order:2 9 1
DEBUG:root:Finish turn

DEBUG:root:Order:5 8 7
DEBUG:root:Order:11 8 5
DEBUG:root:Order:2 8 4
DEBUG:root:Order:15 8 2
DEBUG:root:Order:4 8 1
DEBUG:root:Order:9 8 1
DEBUG:root:Finish turn

DEBUG:root:Order:2 8 8
DEBUG:root:Order:5 8 8
DEBUG:root:Order:11 8 7
DEBUG:root:Order:15 8 6
DEBUG:root:Order:4 8 5
DEBUG:root:Order:9 8 5
DEBUG:root:Finish turn

DEBUG:root:Bad order:2 36.0 38
DEBUG:root:Order:5 4 38
DEBUG:root:Order:11 4 37
DEBUG:root:Order:15 4 1
DEBUG:root:Order:15 9 36
DEBUG:root:Finish turn

DEBUG:root:Bad order:8 22.0 87
DEBUG:root:Bad order:11 5.0 63
DEBUG:root:Bad order:4 42.0 60
DEBUG:root:Bad order:5 6.0 32
DEBUG:root:Order:9 2 20
DEBUG:root:Finish turn

DEBUG:root:Bad order:8 25.0 100
DEBUG:root:Bad order:4 44.0 74
DEBUG:root:Bad order:5 11.0 38
DEBUG:root:Order:9 2 14
DEBUG:root:Finish turn

DEBUG:root:Bad order:8 34.0 113
DEBUG:root:Bad order:4 46.0 78
DEBUG:root:Bad order:5 16.0 45
DEBUG:root:Order:9 15 14
DEBUG:root:Order:11 15 1
DEBUG:root:Finish turn

DEBUG:root:Bad order:8 22.0 118
DEBUG:root:Order:4 15 66
DEBUG:root:Bad order:5 21.0 54
DEBUG:root:Order:11 15 8
DEBUG:root:Finish turn

DEBUG:root:Bad order:5 26.0 70
DEBUG:root:Bad order:5 26.0 56
DEBUG:root:Order:5 9 1
DEBUG:root:Finish turn

DEBUG:root:Bad order:5 30.0 48
DEBUG:root:Bad order:11 14.0 31
DEBUG:root:Order:4 2 27
DEBUG:root:Order:9 2 4
DEBUG:root:Finish turn

DEBUG:root:Bad order:8 5.0 70
DEBUG:root:Bad order:8 5.0 41
DEBUG:root:Bad order:8 5.0 20
DEBUG:root:Finish turn

DEBUG:root:Bad order:8 3.0 70
DEBUG:root:Bad order:8 3.0 39
DEBUG:root:Bad order:8 3.0 21
DEBUG:root:Finish turn

DEBUG:root:Bad order:8 9.0 71
DEBUG:root:Bad order:8 9.0 38
DEBUG:root:Bad order:8 9.0 23
DEBUG:root:Finish turn

DEBUG:root:Bad order:8 23.0 71
DEBUG:root:Bad order:8 23.0 36
DEBUG:root:Bad order:8 23.0 24
DEBUG:root:Finish turn

DEBUG:root:Bad order:8 24.0 71
DEBUG:root:Bad order:8 24.0 34
DEBUG:root:Bad order:8 24.0 25
DEBUG:root:Finish turn

DEBUG:root:Bad order:8 23.0 69
DEBUG:root:Bad order:5 42.0 46
DEBUG:root:Order:11 15 15
DEBUG:root:Finish turn

DEBUG:root:Bad order:8 27.0 61
DEBUG:root:Order:5 15 42
DEBUG:root:Finish turn

DEBUG:root:Bad order:8 36.0 41
DEBUG:root:Order:8 11 9
DEBUG:root:Order:8 5 3
DEBUG:root:Finish turn

DEBUG:root:Bad order:8 26.0 39
DEBUG:root:Order:5 4 1
DEBUG:root:Finish turn

DEBUG:root:Bad order:8 32.0 37
DEBUG:root:Order:5 4 2
DEBUG:root:Order:11 4 1
DEBUG:root:Finish turn

DEBUG:root:Bad order:8 26.0 35
DEBUG:root:Order:5 4 2
DEBUG:root:Order:11 4 1
DEBUG:root:Finish turn

DEBUG:root:Order:5 8 1
DEBUG:root:Finish turn

DEBUG:root:Order:5 8 1
DEBUG:root:Finish turn

DEBUG:root:Order:5 8 2
DEBUG:root:Order:11 8 1
DEBUG:root:Finish turn

DEBUG:root:Order:5 8 2
DEBUG:root:Order:11 8 1
DEBUG:root:Finish turn

DEBUG:root:Order:11 8 1
DEBUG:root:Finish turn

DEBUG:root:Bad order:11 1.0 2
DEBUG:root:Finish turn

DEBUG:root:Order:11 8 3
DEBUG:root:Finish turn

DEBUG:root:Finish turn

DEBUG:root:Finish turn

DEBUG:root:Finish turn

DEBUG:root:Finish turn

DEBUG:root:Finish turn

DEBUG:root:Finish turn

DEBUG:root:Finish turn

DEBUG:root:Finish turn

DEBUG:root:Finish turn

DEBUG:root:Finish turn

DEBUG:root:Finish turn

